# JRE version: Java(TM) SE Runtime Environment (21.0.2+13) (build 21.0.2+13-LTS-58)
# Java VM: Java HotSpot(TM) 64-Bit Server VM (21.0.2+13-LTS-58, mixed mode, sharing, tiered, compressed oops, compressed class ptrs, g1 gc, windows-amd64)
GC Precious Log:
 CardTable entry size: 512
 Card Set container configuration: InlinePtr #cards 5 size 8 Array Of Cards #cards 12 size 40 Howl #buckets 4 coarsen threshold 1843 Howl Bitmap #cards 512 size 80 coarsen threshold 460 Card regions per heap region 1 cards per card region 2048
 CPUs: 8 total, 8 available
 Memory: 3818M
 Large Page Support: Disabled
 NUMA Support: Disabled
 Compressed Oops: Enabled (32-bit)
 Heap Region Size: 1M
 Heap Min Capacity: 8M
 Heap Initial Capacity: 60M
 Heap Max Capacity: 956M
 Pre-touch: Disabled
 Parallel Workers: 8
 Concurrent Workers: 2
 Concurrent Refinement Workers: 8
 Periodic GC: Disabled
Heap:
 garbage-first heap   total 52224K, used 28925K [0x00000000c4400000, 0x0000000100000000)
  region size 1024K, 7 young (7168K), 2 survivors (2048K)
 Metaspace       used 60091K, committed 60736K, reserved 1114112K
  class space    used 8012K, committed 8320K, reserved 1048576K
GC Heap History (20 events):
Event: 2.858 GC heap before
{Heap before GC invocations=1 (full 0):
 garbage-first heap   total 61440K, used 31434K [0x00000000c4400000, 0x0000000100000000)
  region size 1024K, 28 young (28672K), 3 survivors (3072K)
 Metaspace       used 13053K, committed 13376K, reserved 1114112K
  class space    used 1575K, committed 1728K, reserved 1048576K
}
Event: 2.865 GC heap after
{Heap after GC invocations=2 (full 0):
 garbage-first heap   total 61440K, used 9323K [0x00000000c4400000, 0x0000000100000000)
  region size 1024K, 3 young (3072K), 3 survivors (3072K)
 Metaspace       used 13053K, committed 13376K, reserved 1114112K
  class space    used 1575K, committed 1728K, reserved 1048576K
}
Event: 3.826 GC heap before
{Heap before GC invocations=2 (full 0):
 garbage-first heap   total 61440K, used 37995K [0x00000000c4400000, 0x0000000100000000)
  region size 1024K, 32 young (32768K), 3 survivors (3072K)
 Metaspace       used 19523K, committed 19904K, reserved 1114112K
  class space    used 2381K, committed 2560K, reserved 1048576K
}
Event: 3.836 GC heap after
{Heap after GC invocations=3 (full 0):
 garbage-first heap   total 61440K, used 12737K [0x00000000c4400000, 0x0000000100000000)
  region size 1024K, 4 young (4096K), 4 survivors (4096K)
 Metaspace       used 19523K, committed 19904K, reserved 1114112K
  class space    used 2381K, committed 2560K, reserved 1048576K
}
Event: 4.927 GC heap before
{Heap before GC invocations=3 (full 0):
 garbage-first heap   total 61440K, used 30145K [0x00000000c4400000, 0x0000000100000000)
  region size 1024K, 23 young (23552K), 4 survivors (4096K)
 Metaspace       used 21223K, committed 21504K, reserved 1114112K
  class space    used 2567K, committed 2688K, reserved 1048576K
}
Event: 4.939 GC heap after
{Heap after GC invocations=4 (full 0):
 garbage-first heap   total 61440K, used 13739K [0x00000000c4400000, 0x0000000100000000)
  region size 1024K, 2 young (2048K), 2 survivors (2048K)
 Metaspace       used 21223K, committed 21504K, reserved 1114112K
  class space    used 2567K, committed 2688K, reserved 1048576K
}
Event: 6.316 GC heap before
{Heap before GC invocations=5 (full 0):
 garbage-first heap   total 51200K, used 45483K [0x00000000c4400000, 0x0000000100000000)
  region size 1024K, 34 young (34816K), 2 survivors (2048K)
 Metaspace       used 27095K, committed 27584K, reserved 1114112K
  class space    used 3411K, committed 3648K, reserved 1048576K
}
Event: 6.323 GC heap after
{Heap after GC invocations=6 (full 0):
 garbage-first heap   total 52224K, used 16839K [0x00000000c4400000, 0x0000000100000000)
  region size 1024K, 5 young (5120K), 5 survivors (5120K)
 Metaspace       used 27095K, committed 27584K, reserved 1114112K
  class space    used 3411K, committed 3648K, reserved 1048576K
}
Event: 7.912 GC heap before
{Heap before GC invocations=6 (full 0):
 garbage-first heap   total 52224K, used 40391K [0x00000000c4400000, 0x0000000100000000)
  region size 1024K, 29 young (29696K), 5 survivors (5120K)
 Metaspace       used 30821K, committed 31424K, reserved 1114112K
  class space    used 3895K, committed 4160K, reserved 1048576K
}
Event: 7.918 GC heap after
{Heap after GC invocations=7 (full 0):
 garbage-first heap   total 52224K, used 18862K [0x00000000c4400000, 0x0000000100000000)
  region size 1024K, 3 young (3072K), 3 survivors (3072K)
 Metaspace       used 30821K, committed 31424K, reserved 1114112K
  class space    used 3895K, committed 4160K, reserved 1048576K
}
Event: 8.954 GC heap before
{Heap before GC invocations=7 (full 0):
 garbage-first heap   total 52224K, used 33198K [0x00000000c4400000, 0x0000000100000000)
  region size 1024K, 18 young (18432K), 3 survivors (3072K)
 Metaspace       used 35432K, committed 35968K, reserved 1114112K
  class space    used 4567K, committed 4800K, reserved 1048576K
}
Event: 8.958 GC heap after
{Heap after GC invocations=8 (full 0):
 garbage-first heap   total 52224K, used 19657K [0x00000000c4400000, 0x0000000100000000)
  region size 1024K, 3 young (3072K), 3 survivors (3072K)
 Metaspace       used 35432K, committed 35968K, reserved 1114112K
  class space    used 4567K, committed 4800K, reserved 1048576K
}
Event: 10.333 GC heap before
{Heap before GC invocations=9 (full 0):
 garbage-first heap   total 52224K, used 42185K [0x00000000c4400000, 0x0000000100000000)
  region size 1024K, 26 young (26624K), 3 survivors (3072K)
 Metaspace       used 45549K, committed 46080K, reserved 1114112K
  class space    used 5887K, committed 6144K, reserved 1048576K
}
Event: 10.337 GC heap after
{Heap after GC invocations=10 (full 0):
 garbage-first heap   total 52224K, used 21936K [0x00000000c4400000, 0x0000000100000000)
  region size 1024K, 4 young (4096K), 4 survivors (4096K)
 Metaspace       used 45549K, committed 46080K, reserved 1114112K
  class space    used 5887K, committed 6144K, reserved 1048576K
}
Event: 10.835 GC heap before
{Heap before GC invocations=10 (full 0):
 garbage-first heap   total 52224K, used 41392K [0x00000000c4400000, 0x0000000100000000)
  region size 1024K, 24 young (24576K), 4 survivors (4096K)
 Metaspace       used 50579K, committed 51136K, reserved 1114112K
  class space    used 6523K, committed 6784K, reserved 1048576K
}
Event: 10.839 GC heap after
{Heap after GC invocations=11 (full 0):
 garbage-first heap   total 52224K, used 23516K [0x00000000c4400000, 0x0000000100000000)
  region size 1024K, 2 young (2048K), 2 survivors (2048K)
 Metaspace       used 50579K, committed 51136K, reserved 1114112K
  class space    used 6523K, committed 6784K, reserved 1048576K
}
Event: 11.717 GC heap before
{Heap before GC invocations=11 (full 0):
 garbage-first heap   total 52224K, used 42972K [0x00000000c4400000, 0x0000000100000000)
  region size 1024K, 22 young (22528K), 2 survivors (2048K)
 Metaspace       used 57365K, committed 57984K, reserved 1114112K
  class space    used 7641K, committed 7936K, reserved 1048576K
}
Event: 11.722 GC heap after
{Heap after GC invocations=12 (full 0):
 garbage-first heap   total 52224K, used 24413K [0x00000000c4400000, 0x0000000100000000)
  region size 1024K, 3 young (3072K), 3 survivors (3072K)
 Metaspace       used 57365K, committed 57984K, reserved 1114112K
  class space    used 7641K, committed 7936K, reserved 1048576K
}
Event: 12.220 GC heap before
{Heap before GC invocations=12 (full 0):
 garbage-first heap   total 52224K, used 31581K [0x00000000c4400000, 0x0000000100000000)
  region size 1024K, 11 young (11264K), 3 survivors (3072K)
 Metaspace       used 59677K, committed 60288K, reserved 1114112K
  class space    used 7969K, committed 8256K, reserved 1048576K
}
Event: 12.226 GC heap after
{Heap after GC invocations=13 (full 0):
 garbage-first heap   total 52224K, used 24829K [0x00000000c4400000, 0x0000000100000000)
  region size 1024K, 2 young (2048K), 2 survivors (2048K)
 Metaspace       used 59677K, committed 60288K, reserved 1114112K
  class space    used 7969K, committed 8256K, reserved 1048576K
}

